[0.208s] Invoking command in '/home/demi/bumper_ws/build/bumperbot_msgs': CMAKE_PREFIX_PATH=${CMAKE_PREFIX_PATH}:/home/demi/ros2_jazzy/install/rqt_bag_plugins:/home/demi/ros2_jazzy/install/launch_testing_examples:/home/demi/ros2_jazzy/install/ros2bag:/home/demi/ros2_jazzy/install/rqt_bag:/home/demi/ros2_jazzy/install/rosbag2_examples_py:/home/demi/ros2_jazzy/install/tracetools_test:/home/demi/ros2_jazzy/install/tracetools_launch:/home/demi/ros2_jazzy/install/topic_monitor:/home/demi/ros2_jazzy/install/tf2_tools:/home/demi/ros2_jazzy/install/examples_tf2_py:/home/demi/ros2_jazzy/install/tf2_ros_py:/home/demi/ros2_jazzy/install/examples_rclpy_pointcloud_publisher:/home/demi/ros2_jazzy/install/sensor_msgs_py:/home/demi/ros2_jazzy/install/quality_of_service_demo_py:/home/demi/ros2_jazzy/install/camera_info_manager_py:/home/demi/ros2_jazzy/install/rqt_plot:/home/demi/ros2_jazzy/install/ros2doctor:/home/demi/ros2_jazzy/install/lifecycle_py:/home/demi/ros2_jazzy/install/examples_rclpy_minimal_subscriber:/home/demi/ros2_jazzy/install/examples_rclpy_minimal_service:/home/demi/ros2_jazzy/install/examples_rclpy_minimal_publisher:/home/demi/ros2_jazzy/install/examples_rclpy_minimal_client:/home/demi/ros2_jazzy/install/examples_rclpy_executors:/home/demi/ros2_jazzy/install/demo_nodes_py:/home/demi/ros2_jazzy/install/rqt:/home/demi/ros2_jazzy/install/ros2component:/home/demi/ros2_jazzy/install/sros2:/home/demi/ros2_jazzy/install/rqt_topic:/home/demi/ros2_jazzy/install/rqt_srv:/home/demi/ros2_jazzy/install/rqt_shell:/home/demi/ros2_jazzy/install/rqt_service_caller:/home/demi/ros2_jazzy/install/rqt_reconfigure:/home/demi/ros2_jazzy/install/rqt_py_console:/home/demi/ros2_jazzy/install/rqt_publisher:/home/demi/ros2_jazzy/install/rqt_action:/home/demi/ros2_jazzy/install/rqt_msg:/home/demi/ros2_jazzy/install/rqt_console:/home/demi/ros2_jazzy/install/rqt_graph:/home/demi/ros2_jazzy/install/rqt_gui_py:/home/demi/ros2_jazzy/install/rqt_gui:/home/demi/ros2_jazzy/install/ros2trace:/home/demi/ros2_jazzy/install/ros2param:/home/demi/ros2_jazzy/install/ros2lifecycle:/home/demi/ros2_jazzy/install/ros2service:/home/demi/ros2_jazzy/install/ros2topic:/home/demi/ros2_jazzy/install/ros2test:/home/demi/ros2_jazzy/install/ros2run:/home/demi/ros2_jazzy/install/ros2plugin:/home/demi/ros2_jazzy/install/ros2launch:/home/demi/ros2_jazzy/install/ros2pkg:/home/demi/ros2_jazzy/install/ros2node:/home/demi/ros2_jazzy/install/ros2multicast:/home/demi/ros2_jazzy/install/ros2interface:/home/demi/ros2_jazzy/install/ros2action:/home/demi/ros2_jazzy/install/ros2cli:/home/demi/ros2_jazzy/install/launch_testing_ros:/home/demi/ros2_jazzy/install/launch_ros:/home/demi/ros2_jazzy/install/examples_rclpy_minimal_action_server:/home/demi/ros2_jazzy/install/examples_rclpy_minimal_action_client:/home/demi/ros2_jazzy/install/examples_rclpy_guard_conditions:/home/demi/ros2_jazzy/install/action_tutorials_py:/home/demi/ros2_jazzy/install/ament_uncrustify:/home/demi/ros2_jazzy/install/tracetools_trace:/home/demi/ros2_jazzy/install/tracetools_read:/home/demi/ros2_jazzy/install/test_tracetools_launch:/home/demi/ros2_jazzy/install/test_ros2trace:/home/demi/ros2_jazzy/install/test_launch_ros:/home/demi/ros2_jazzy/install/rpyutils:/home/demi/ros2_jazzy/install/rosidl_runtime_py:/home/demi/ros2_jazzy/install/rosidl_pycommon:/home/demi/ros2_jazzy/install/rosidl_cli:/home/demi/ros2_jazzy/install/launch_pytest:/home/demi/ros2_jazzy/install/launch_testing:/home/demi/ros2_jazzy/install/launch_yaml:/home/demi/ros2_jazzy/install/launch_xml:/home/demi/ros2_jazzy/install/launch:/home/demi/ros2_jazzy/install/osrf_pycommon:/home/demi/ros2_jazzy/install/domain_coordinator:/home/demi/ros2_jazzy/install/ament_xmllint:/home/demi/ros2_jazzy/install/ament_pyflakes:/home/demi/ros2_jazzy/install/ament_pycodestyle:/home/demi/ros2_jazzy/install/ament_pep257:/home/demi/ros2_jazzy/install/ament_pclint:/home/demi/ros2_jazzy/install/ament_package:/home/demi/ros2_jazzy/install/ament_mypy:/home/demi/ros2_jazzy/install/ament_lint_cmake:/home/demi/ros2_jazzy/install/ament_flake8:/home/demi/ros2_jazzy/install/ament_copyright:/home/demi/ros2_jazzy/install/ament_lint:/home/demi/ros2_jazzy/install/ament_index_python:/home/demi/ros2_jazzy/install/ament_cpplint:/home/demi/ros2_jazzy/install/ament_cppcheck:/home/demi/ros2_jazzy/install/ament_clang_tidy:/home/demi/ros2_jazzy/install/ament_clang_format DEBUGINFOD_URLS=https://debuginfod.ubuntu.com /usr/bin/cmake /home/demi/bumper_ws/src/bumperbot_msgs -DCMAKE_INSTALL_PREFIX=/home/demi/bumper_ws/install/bumperbot_msgs
[0.899s] -- The C compiler identification is GNU 13.3.0
[1.319s] -- The CXX compiler identification is GNU 13.3.0
[1.384s] -- Detecting C compiler ABI info
[1.771s] -- Detecting C compiler ABI info - done
[1.803s] -- Check for working C compiler: /usr/bin/cc - skipped
[1.804s] -- Detecting C compile features
[1.805s] -- Detecting C compile features - done
[1.840s] -- Detecting CXX compiler ABI info
[2.237s] -- Detecting CXX compiler ABI info - done
[2.268s] -- Check for working CXX compiler: /usr/bin/c++ - skipped
[2.268s] -- Detecting CXX compile features
[2.269s] -- Detecting CXX compile features - done
[2.284s] -- Found ament_cmake: 2.5.6 (/opt/ros/jazzy/share/ament_cmake/cmake)
[4.343s] -- Found Python3: /usr/bin/python3 (found version "3.12.3") found components: Interpreter 
[5.035s] -- Found geometry_msgs: 5.3.7 (/opt/ros/jazzy/share/geometry_msgs/cmake)
[5.221s] -- Found rosidl_generator_c: 4.6.7 (/opt/ros/jazzy/share/rosidl_generator_c/cmake)
[5.273s] -- Found rosidl_generator_cpp: 4.6.7 (/opt/ros/jazzy/share/rosidl_generator_cpp/cmake)
[5.443s] -- Using all available rosidl_typesupport_c: rosidl_typesupport_fastrtps_c;rosidl_typesupport_introspection_c
[5.596s] -- Using all available rosidl_typesupport_cpp: rosidl_typesupport_fastrtps_cpp;rosidl_typesupport_introspection_cpp
[5.868s] -- Found rosidl_default_generators: 1.6.0 (/opt/ros/jazzy/share/rosidl_default_generators/cmake)
[6.236s] -- Found rosidl_adapter: 4.6.7 (/opt/ros/jazzy/share/rosidl_adapter/cmake)
[13.149s] -- Found ament_cmake_ros: 0.12.0 (/opt/ros/jazzy/share/ament_cmake_ros/cmake)
[28.167s] -- Using all available rosidl_typesupport_c: rosidl_typesupport_fastrtps_c;rosidl_typesupport_introspection_c
[35.825s] -- Using all available rosidl_typesupport_cpp: rosidl_typesupport_fastrtps_cpp;rosidl_typesupport_introspection_cpp
[35.841s] -- Found python_cmake_module: 0.11.1 (/opt/ros/jazzy/share/python_cmake_module/cmake)
[38.323s] -- Found PythonExtra: /usr/bin/python3  
[46.073s] -- Found Python3: /usr/bin/python3 (found version "3.12.3") found components: Interpreter Development NumPy Development.Module Development.Embed 
[47.589s] -- Found Python3: /usr/bin/python3 (found version "3.12.3") found components: Interpreter 
[47.657s] -- Configuring done (47.3s)
[47.972s] -- Generating done (0.2s)
[48.053s] -- Build files have been written to: /home/demi/bumper_ws/build/bumperbot_msgs
[48.123s] Invoked command in '/home/demi/bumper_ws/build/bumperbot_msgs' returned '0': CMAKE_PREFIX_PATH=${CMAKE_PREFIX_PATH}:/home/demi/ros2_jazzy/install/rqt_bag_plugins:/home/demi/ros2_jazzy/install/launch_testing_examples:/home/demi/ros2_jazzy/install/ros2bag:/home/demi/ros2_jazzy/install/rqt_bag:/home/demi/ros2_jazzy/install/rosbag2_examples_py:/home/demi/ros2_jazzy/install/tracetools_test:/home/demi/ros2_jazzy/install/tracetools_launch:/home/demi/ros2_jazzy/install/topic_monitor:/home/demi/ros2_jazzy/install/tf2_tools:/home/demi/ros2_jazzy/install/examples_tf2_py:/home/demi/ros2_jazzy/install/tf2_ros_py:/home/demi/ros2_jazzy/install/examples_rclpy_pointcloud_publisher:/home/demi/ros2_jazzy/install/sensor_msgs_py:/home/demi/ros2_jazzy/install/quality_of_service_demo_py:/home/demi/ros2_jazzy/install/camera_info_manager_py:/home/demi/ros2_jazzy/install/rqt_plot:/home/demi/ros2_jazzy/install/ros2doctor:/home/demi/ros2_jazzy/install/lifecycle_py:/home/demi/ros2_jazzy/install/examples_rclpy_minimal_subscriber:/home/demi/ros2_jazzy/install/examples_rclpy_minimal_service:/home/demi/ros2_jazzy/install/examples_rclpy_minimal_publisher:/home/demi/ros2_jazzy/install/examples_rclpy_minimal_client:/home/demi/ros2_jazzy/install/examples_rclpy_executors:/home/demi/ros2_jazzy/install/demo_nodes_py:/home/demi/ros2_jazzy/install/rqt:/home/demi/ros2_jazzy/install/ros2component:/home/demi/ros2_jazzy/install/sros2:/home/demi/ros2_jazzy/install/rqt_topic:/home/demi/ros2_jazzy/install/rqt_srv:/home/demi/ros2_jazzy/install/rqt_shell:/home/demi/ros2_jazzy/install/rqt_service_caller:/home/demi/ros2_jazzy/install/rqt_reconfigure:/home/demi/ros2_jazzy/install/rqt_py_console:/home/demi/ros2_jazzy/install/rqt_publisher:/home/demi/ros2_jazzy/install/rqt_action:/home/demi/ros2_jazzy/install/rqt_msg:/home/demi/ros2_jazzy/install/rqt_console:/home/demi/ros2_jazzy/install/rqt_graph:/home/demi/ros2_jazzy/install/rqt_gui_py:/home/demi/ros2_jazzy/install/rqt_gui:/home/demi/ros2_jazzy/install/ros2trace:/home/demi/ros2_jazzy/install/ros2param:/home/demi/ros2_jazzy/install/ros2lifecycle:/home/demi/ros2_jazzy/install/ros2service:/home/demi/ros2_jazzy/install/ros2topic:/home/demi/ros2_jazzy/install/ros2test:/home/demi/ros2_jazzy/install/ros2run:/home/demi/ros2_jazzy/install/ros2plugin:/home/demi/ros2_jazzy/install/ros2launch:/home/demi/ros2_jazzy/install/ros2pkg:/home/demi/ros2_jazzy/install/ros2node:/home/demi/ros2_jazzy/install/ros2multicast:/home/demi/ros2_jazzy/install/ros2interface:/home/demi/ros2_jazzy/install/ros2action:/home/demi/ros2_jazzy/install/ros2cli:/home/demi/ros2_jazzy/install/launch_testing_ros:/home/demi/ros2_jazzy/install/launch_ros:/home/demi/ros2_jazzy/install/examples_rclpy_minimal_action_server:/home/demi/ros2_jazzy/install/examples_rclpy_minimal_action_client:/home/demi/ros2_jazzy/install/examples_rclpy_guard_conditions:/home/demi/ros2_jazzy/install/action_tutorials_py:/home/demi/ros2_jazzy/install/ament_uncrustify:/home/demi/ros2_jazzy/install/tracetools_trace:/home/demi/ros2_jazzy/install/tracetools_read:/home/demi/ros2_jazzy/install/test_tracetools_launch:/home/demi/ros2_jazzy/install/test_ros2trace:/home/demi/ros2_jazzy/install/test_launch_ros:/home/demi/ros2_jazzy/install/rpyutils:/home/demi/ros2_jazzy/install/rosidl_runtime_py:/home/demi/ros2_jazzy/install/rosidl_pycommon:/home/demi/ros2_jazzy/install/rosidl_cli:/home/demi/ros2_jazzy/install/launch_pytest:/home/demi/ros2_jazzy/install/launch_testing:/home/demi/ros2_jazzy/install/launch_yaml:/home/demi/ros2_jazzy/install/launch_xml:/home/demi/ros2_jazzy/install/launch:/home/demi/ros2_jazzy/install/osrf_pycommon:/home/demi/ros2_jazzy/install/domain_coordinator:/home/demi/ros2_jazzy/install/ament_xmllint:/home/demi/ros2_jazzy/install/ament_pyflakes:/home/demi/ros2_jazzy/install/ament_pycodestyle:/home/demi/ros2_jazzy/install/ament_pep257:/home/demi/ros2_jazzy/install/ament_pclint:/home/demi/ros2_jazzy/install/ament_package:/home/demi/ros2_jazzy/install/ament_mypy:/home/demi/ros2_jazzy/install/ament_lint_cmake:/home/demi/ros2_jazzy/install/ament_flake8:/home/demi/ros2_jazzy/install/ament_copyright:/home/demi/ros2_jazzy/install/ament_lint:/home/demi/ros2_jazzy/install/ament_index_python:/home/demi/ros2_jazzy/install/ament_cpplint:/home/demi/ros2_jazzy/install/ament_cppcheck:/home/demi/ros2_jazzy/install/ament_clang_tidy:/home/demi/ros2_jazzy/install/ament_clang_format DEBUGINFOD_URLS=https://debuginfod.ubuntu.com /usr/bin/cmake /home/demi/bumper_ws/src/bumperbot_msgs -DCMAKE_INSTALL_PREFIX=/home/demi/bumper_ws/install/bumperbot_msgs
[48.125s] Invoking command in '/home/demi/bumper_ws/build/bumperbot_msgs': CMAKE_PREFIX_PATH=${CMAKE_PREFIX_PATH}:/home/demi/ros2_jazzy/install/rqt_bag_plugins:/home/demi/ros2_jazzy/install/launch_testing_examples:/home/demi/ros2_jazzy/install/ros2bag:/home/demi/ros2_jazzy/install/rqt_bag:/home/demi/ros2_jazzy/install/rosbag2_examples_py:/home/demi/ros2_jazzy/install/tracetools_test:/home/demi/ros2_jazzy/install/tracetools_launch:/home/demi/ros2_jazzy/install/topic_monitor:/home/demi/ros2_jazzy/install/tf2_tools:/home/demi/ros2_jazzy/install/examples_tf2_py:/home/demi/ros2_jazzy/install/tf2_ros_py:/home/demi/ros2_jazzy/install/examples_rclpy_pointcloud_publisher:/home/demi/ros2_jazzy/install/sensor_msgs_py:/home/demi/ros2_jazzy/install/quality_of_service_demo_py:/home/demi/ros2_jazzy/install/camera_info_manager_py:/home/demi/ros2_jazzy/install/rqt_plot:/home/demi/ros2_jazzy/install/ros2doctor:/home/demi/ros2_jazzy/install/lifecycle_py:/home/demi/ros2_jazzy/install/examples_rclpy_minimal_subscriber:/home/demi/ros2_jazzy/install/examples_rclpy_minimal_service:/home/demi/ros2_jazzy/install/examples_rclpy_minimal_publisher:/home/demi/ros2_jazzy/install/examples_rclpy_minimal_client:/home/demi/ros2_jazzy/install/examples_rclpy_executors:/home/demi/ros2_jazzy/install/demo_nodes_py:/home/demi/ros2_jazzy/install/rqt:/home/demi/ros2_jazzy/install/ros2component:/home/demi/ros2_jazzy/install/sros2:/home/demi/ros2_jazzy/install/rqt_topic:/home/demi/ros2_jazzy/install/rqt_srv:/home/demi/ros2_jazzy/install/rqt_shell:/home/demi/ros2_jazzy/install/rqt_service_caller:/home/demi/ros2_jazzy/install/rqt_reconfigure:/home/demi/ros2_jazzy/install/rqt_py_console:/home/demi/ros2_jazzy/install/rqt_publisher:/home/demi/ros2_jazzy/install/rqt_action:/home/demi/ros2_jazzy/install/rqt_msg:/home/demi/ros2_jazzy/install/rqt_console:/home/demi/ros2_jazzy/install/rqt_graph:/home/demi/ros2_jazzy/install/rqt_gui_py:/home/demi/ros2_jazzy/install/rqt_gui:/home/demi/ros2_jazzy/install/ros2trace:/home/demi/ros2_jazzy/install/ros2param:/home/demi/ros2_jazzy/install/ros2lifecycle:/home/demi/ros2_jazzy/install/ros2service:/home/demi/ros2_jazzy/install/ros2topic:/home/demi/ros2_jazzy/install/ros2test:/home/demi/ros2_jazzy/install/ros2run:/home/demi/ros2_jazzy/install/ros2plugin:/home/demi/ros2_jazzy/install/ros2launch:/home/demi/ros2_jazzy/install/ros2pkg:/home/demi/ros2_jazzy/install/ros2node:/home/demi/ros2_jazzy/install/ros2multicast:/home/demi/ros2_jazzy/install/ros2interface:/home/demi/ros2_jazzy/install/ros2action:/home/demi/ros2_jazzy/install/ros2cli:/home/demi/ros2_jazzy/install/launch_testing_ros:/home/demi/ros2_jazzy/install/launch_ros:/home/demi/ros2_jazzy/install/examples_rclpy_minimal_action_server:/home/demi/ros2_jazzy/install/examples_rclpy_minimal_action_client:/home/demi/ros2_jazzy/install/examples_rclpy_guard_conditions:/home/demi/ros2_jazzy/install/action_tutorials_py:/home/demi/ros2_jazzy/install/ament_uncrustify:/home/demi/ros2_jazzy/install/tracetools_trace:/home/demi/ros2_jazzy/install/tracetools_read:/home/demi/ros2_jazzy/install/test_tracetools_launch:/home/demi/ros2_jazzy/install/test_ros2trace:/home/demi/ros2_jazzy/install/test_launch_ros:/home/demi/ros2_jazzy/install/rpyutils:/home/demi/ros2_jazzy/install/rosidl_runtime_py:/home/demi/ros2_jazzy/install/rosidl_pycommon:/home/demi/ros2_jazzy/install/rosidl_cli:/home/demi/ros2_jazzy/install/launch_pytest:/home/demi/ros2_jazzy/install/launch_testing:/home/demi/ros2_jazzy/install/launch_yaml:/home/demi/ros2_jazzy/install/launch_xml:/home/demi/ros2_jazzy/install/launch:/home/demi/ros2_jazzy/install/osrf_pycommon:/home/demi/ros2_jazzy/install/domain_coordinator:/home/demi/ros2_jazzy/install/ament_xmllint:/home/demi/ros2_jazzy/install/ament_pyflakes:/home/demi/ros2_jazzy/install/ament_pycodestyle:/home/demi/ros2_jazzy/install/ament_pep257:/home/demi/ros2_jazzy/install/ament_pclint:/home/demi/ros2_jazzy/install/ament_package:/home/demi/ros2_jazzy/install/ament_mypy:/home/demi/ros2_jazzy/install/ament_lint_cmake:/home/demi/ros2_jazzy/install/ament_flake8:/home/demi/ros2_jazzy/install/ament_copyright:/home/demi/ros2_jazzy/install/ament_lint:/home/demi/ros2_jazzy/install/ament_index_python:/home/demi/ros2_jazzy/install/ament_cpplint:/home/demi/ros2_jazzy/install/ament_cppcheck:/home/demi/ros2_jazzy/install/ament_clang_tidy:/home/demi/ros2_jazzy/install/ament_clang_format DEBUGINFOD_URLS=https://debuginfod.ubuntu.com /usr/bin/cmake --build /home/demi/bumper_ws/build/bumperbot_msgs -- -j4 -l4
[48.750s] [  1%] [34m[1mGenerating type hashes for ROS interfaces[0m
[51.434s] [  1%] Built target bumperbot_msgs__rosidl_generator_type_description
[51.600s] [  1%] Built target ament_cmake_python_copy_bumperbot_msgs
[51.659s] [  3%] [34m[1mGenerating C code for ROS interfaces[0m
[57.189s] [  5%] [32mBuilding C object CMakeFiles/bumperbot_msgs__rosidl_generator_c.dir/rosidl_generator_c/bumperbot_msgs/action/detail/fibonacci__description.c.o[0m
[57.850s] [  7%] [32mBuilding C object CMakeFiles/bumperbot_msgs__rosidl_generator_c.dir/rosidl_generator_c/bumperbot_msgs/action/detail/fibonacci__functions.c.o[0m
[58.751s] [  9%] [32mBuilding C object CMakeFiles/bumperbot_msgs__rosidl_generator_c.dir/rosidl_generator_c/bumperbot_msgs/action/detail/fibonacci__type_support.c.o[0m
[58.929s] [ 10%] [32mBuilding C object CMakeFiles/bumperbot_msgs__rosidl_generator_c.dir/rosidl_generator_c/bumperbot_msgs/srv/detail/add_two_ints__description.c.o[0m
[59.432s] [ 12%] [32mBuilding C object CMakeFiles/bumperbot_msgs__rosidl_generator_c.dir/rosidl_generator_c/bumperbot_msgs/srv/detail/add_two_ints__functions.c.o[0m
[59.917s] [ 14%] [32mBuilding C object CMakeFiles/bumperbot_msgs__rosidl_generator_c.dir/rosidl_generator_c/bumperbot_msgs/srv/detail/add_two_ints__type_support.c.o[0m
[60.167s] [ 16%] [32mBuilding C object CMakeFiles/bumperbot_msgs__rosidl_generator_c.dir/rosidl_generator_c/bumperbot_msgs/srv/detail/get_transform__description.c.o[0m
[60.518s] [ 18%] [32mBuilding C object CMakeFiles/bumperbot_msgs__rosidl_generator_c.dir/rosidl_generator_c/bumperbot_msgs/srv/detail/get_transform__functions.c.o[0m
[60.994s] [ 20%] [32mBuilding C object CMakeFiles/bumperbot_msgs__rosidl_generator_c.dir/rosidl_generator_c/bumperbot_msgs/srv/detail/get_transform__type_support.c.o[0m
[61.146s] [ 21%] [32m[1mLinking C shared library libbumperbot_msgs__rosidl_generator_c.so[0m
[61.329s] [ 21%] Built target bumperbot_msgs__rosidl_generator_c
[63.050s] running egg_info
[63.053s] creating bumperbot_msgs.egg-info
[63.213s] writing bumperbot_msgs.egg-info/PKG-INFO
[63.213s] writing dependency_links to bumperbot_msgs.egg-info/dependency_links.txt
[63.214s] writing top-level names to bumperbot_msgs.egg-info/top_level.txt
[63.214s] writing manifest file 'bumperbot_msgs.egg-info/SOURCES.txt'
[63.642s] reading manifest file 'bumperbot_msgs.egg-info/SOURCES.txt'
[63.644s] writing manifest file 'bumperbot_msgs.egg-info/SOURCES.txt'
[63.770s] [ 21%] Built target ament_cmake_python_build_bumperbot_msgs_egg
[63.825s] [ 23%] [34m[1mGenerating C type support dispatch for ROS interfaces[0m
[65.357s] [ 25%] [32mBuilding CXX object CMakeFiles/bumperbot_msgs__rosidl_typesupport_c.dir/rosidl_typesupport_c/bumperbot_msgs/action/fibonacci__type_support.cpp.o[0m
[65.551s] [ 27%] [32mBuilding CXX object CMakeFiles/bumperbot_msgs__rosidl_typesupport_c.dir/rosidl_typesupport_c/bumperbot_msgs/srv/add_two_ints__type_support.cpp.o[0m
[65.729s] [ 29%] [32mBuilding CXX object CMakeFiles/bumperbot_msgs__rosidl_typesupport_c.dir/rosidl_typesupport_c/bumperbot_msgs/srv/get_transform__type_support.cpp.o[0m
[65.893s] [ 30%] [32m[1mLinking CXX shared library libbumperbot_msgs__rosidl_typesupport_c.so[0m
[66.062s] [ 30%] Built target bumperbot_msgs__rosidl_typesupport_c
[66.116s] [ 32%] [34m[1mGenerating C introspection for ROS interfaces[0m
[68.201s] [ 34%] [32mBuilding C object CMakeFiles/bumperbot_msgs__rosidl_typesupport_introspection_c.dir/rosidl_typesupport_introspection_c/bumperbot_msgs/action/detail/fibonacci__type_support.c.o[0m
[68.422s] [ 36%] [32mBuilding C object CMakeFiles/bumperbot_msgs__rosidl_typesupport_introspection_c.dir/rosidl_typesupport_introspection_c/bumperbot_msgs/srv/detail/add_two_ints__type_support.c.o[0m
[68.580s] [ 38%] [32mBuilding C object CMakeFiles/bumperbot_msgs__rosidl_typesupport_introspection_c.dir/rosidl_typesupport_introspection_c/bumperbot_msgs/srv/detail/get_transform__type_support.c.o[0m
[68.750s] [ 40%] [32m[1mLinking C shared library libbumperbot_msgs__rosidl_typesupport_introspection_c.so[0m
[68.886s] [ 40%] Built target bumperbot_msgs__rosidl_typesupport_introspection_c
[68.938s] [ 41%] [34m[1mGenerating C type support for eProsima Fast-RTPS[0m
[71.777s] [ 43%] [32mBuilding CXX object CMakeFiles/bumperbot_msgs__rosidl_typesupport_fastrtps_c.dir/rosidl_typesupport_fastrtps_c/bumperbot_msgs/action/detail/fibonacci__type_support_c.cpp.o[0m
[73.318s] [ 45%] [32mBuilding CXX object CMakeFiles/bumperbot_msgs__rosidl_typesupport_fastrtps_c.dir/rosidl_typesupport_fastrtps_c/bumperbot_msgs/srv/detail/add_two_ints__type_support_c.cpp.o[0m
[74.533s] [ 47%] [32mBuilding CXX object CMakeFiles/bumperbot_msgs__rosidl_typesupport_fastrtps_c.dir/rosidl_typesupport_fastrtps_c/bumperbot_msgs/srv/detail/get_transform__type_support_c.cpp.o[0m
[76.131s] [ 49%] [32m[1mLinking CXX shared library libbumperbot_msgs__rosidl_typesupport_fastrtps_c.so[0m
[76.424s] [ 49%] Built target bumperbot_msgs__rosidl_typesupport_fastrtps_c
[76.551s] [ 50%] [34m[1mGenerating C++ code for ROS interfaces[0m
[79.834s] [ 50%] Built target bumperbot_msgs__cpp
[79.962s] [ 52%] [34m[1mGenerating Rust code for ROS interfaces[0m
[81.785s] [ 52%] Built target bumperbot_msgs__rs
[81.843s] [ 54%] [34m[1mGenerating C++ type support for eProsima Fast-RTPS[0m
[84.793s] [ 56%] [32mBuilding CXX object CMakeFiles/bumperbot_msgs__rosidl_typesupport_fastrtps_cpp.dir/rosidl_typesupport_fastrtps_cpp/bumperbot_msgs/action/detail/dds_fastrtps/fibonacci__type_support.cpp.o[0m
[88.131s] [ 58%] [32mBuilding CXX object CMakeFiles/bumperbot_msgs__rosidl_typesupport_fastrtps_cpp.dir/rosidl_typesupport_fastrtps_cpp/bumperbot_msgs/srv/detail/dds_fastrtps/add_two_ints__type_support.cpp.o[0m
[89.739s] [ 60%] [32mBuilding CXX object CMakeFiles/bumperbot_msgs__rosidl_typesupport_fastrtps_cpp.dir/rosidl_typesupport_fastrtps_cpp/bumperbot_msgs/srv/detail/dds_fastrtps/get_transform__type_support.cpp.o[0m
[91.438s] [ 61%] [32m[1mLinking CXX shared library libbumperbot_msgs__rosidl_typesupport_fastrtps_cpp.so[0m
[91.764s] [ 61%] Built target bumperbot_msgs__rosidl_typesupport_fastrtps_cpp
[91.837s] [ 63%] [34m[1mGenerating C++ type support dispatch for ROS interfaces[0m
[94.169s] [ 65%] [32mBuilding CXX object CMakeFiles/bumperbot_msgs__rosidl_typesupport_cpp.dir/rosidl_typesupport_cpp/bumperbot_msgs/action/fibonacci__type_support.cpp.o[0m
[97.031s] [ 67%] [32mBuilding CXX object CMakeFiles/bumperbot_msgs__rosidl_typesupport_cpp.dir/rosidl_typesupport_cpp/bumperbot_msgs/srv/get_transform__type_support.cpp.o[0m
[98.208s] [ 69%] [32mBuilding CXX object CMakeFiles/bumperbot_msgs__rosidl_typesupport_cpp.dir/rosidl_typesupport_cpp/bumperbot_msgs/srv/add_two_ints__type_support.cpp.o[0m
[99.274s] [ 70%] [32m[1mLinking CXX shared library libbumperbot_msgs__rosidl_typesupport_cpp.so[0m
[99.539s] [ 70%] Built target bumperbot_msgs__rosidl_typesupport_cpp
[99.616s] [ 72%] [34m[1mGenerating C++ introspection for ROS interfaces[0m
[101.863s] [ 74%] [32mBuilding CXX object CMakeFiles/bumperbot_msgs__rosidl_typesupport_introspection_cpp.dir/rosidl_typesupport_introspection_cpp/bumperbot_msgs/action/detail/fibonacci__type_support.cpp.o[0m
[104.201s] [ 76%] [32mBuilding CXX object CMakeFiles/bumperbot_msgs__rosidl_typesupport_introspection_cpp.dir/rosidl_typesupport_introspection_cpp/bumperbot_msgs/srv/detail/get_transform__type_support.cpp.o[0m
[105.608s] [ 78%] [32mBuilding CXX object CMakeFiles/bumperbot_msgs__rosidl_typesupport_introspection_cpp.dir/rosidl_typesupport_introspection_cpp/bumperbot_msgs/srv/detail/add_two_ints__type_support.cpp.o[0m
[106.842s] [ 80%] [32m[1mLinking CXX shared library libbumperbot_msgs__rosidl_typesupport_introspection_cpp.so[0m
[107.115s] [ 80%] Built target bumperbot_msgs__rosidl_typesupport_introspection_cpp
[107.217s] [ 80%] Built target bumperbot_msgs
[107.321s] [ 81%] [34m[1mGenerating Python code for ROS interfaces[0m
[111.605s] [ 81%] Built target bumperbot_msgs__py
[111.719s] [ 83%] [32mBuilding C object CMakeFiles/bumperbot_msgs__rosidl_generator_py.dir/rosidl_generator_py/bumperbot_msgs/action/_fibonacci_s.c.o[0m
[112.565s] [ 85%] [32mBuilding C object CMakeFiles/bumperbot_msgs__rosidl_generator_py.dir/rosidl_generator_py/bumperbot_msgs/srv/_get_transform_s.c.o[0m
[113.068s] [ 87%] [32mBuilding C object CMakeFiles/bumperbot_msgs__rosidl_generator_py.dir/rosidl_generator_py/bumperbot_msgs/srv/_add_two_ints_s.c.o[0m
[113.493s] [ 89%] [32m[1mLinking C shared library libbumperbot_msgs__rosidl_generator_py.so[0m
[113.680s] [ 89%] Built target bumperbot_msgs__rosidl_generator_py
[113.786s] [ 90%] [32mBuilding C object CMakeFiles/bumperbot_msgs_s__rosidl_typesupport_fastrtps_c.dir/rosidl_generator_py/bumperbot_msgs/_bumperbot_msgs_s.ep.rosidl_typesupport_fastrtps_c.c.o[0m
[114.292s] [ 92%] [32m[1mLinking C shared module rosidl_generator_py/bumperbot_msgs/bumperbot_msgs_s__rosidl_typesupport_fastrtps_c.so[0m
[114.445s] [ 92%] Built target bumperbot_msgs_s__rosidl_typesupport_fastrtps_c
[114.557s] [ 94%] [32mBuilding C object CMakeFiles/bumperbot_msgs_s__rosidl_typesupport_c.dir/rosidl_generator_py/bumperbot_msgs/_bumperbot_msgs_s.ep.rosidl_typesupport_c.c.o[0m
[115.010s] [ 96%] [32m[1mLinking C shared module rosidl_generator_py/bumperbot_msgs/bumperbot_msgs_s__rosidl_typesupport_c.so[0m
[115.185s] [ 96%] Built target bumperbot_msgs_s__rosidl_typesupport_c
[115.294s] [ 98%] [32mBuilding C object CMakeFiles/bumperbot_msgs_s__rosidl_typesupport_introspection_c.dir/rosidl_generator_py/bumperbot_msgs/_bumperbot_msgs_s.ep.rosidl_typesupport_introspection_c.c.o[0m
[115.755s] [100%] [32m[1mLinking C shared module rosidl_generator_py/bumperbot_msgs/bumperbot_msgs_s__rosidl_typesupport_introspection_c.so[0m
[115.900s] [100%] Built target bumperbot_msgs_s__rosidl_typesupport_introspection_c
[115.954s] Invoked command in '/home/demi/bumper_ws/build/bumperbot_msgs' returned '0': CMAKE_PREFIX_PATH=${CMAKE_PREFIX_PATH}:/home/demi/ros2_jazzy/install/rqt_bag_plugins:/home/demi/ros2_jazzy/install/launch_testing_examples:/home/demi/ros2_jazzy/install/ros2bag:/home/demi/ros2_jazzy/install/rqt_bag:/home/demi/ros2_jazzy/install/rosbag2_examples_py:/home/demi/ros2_jazzy/install/tracetools_test:/home/demi/ros2_jazzy/install/tracetools_launch:/home/demi/ros2_jazzy/install/topic_monitor:/home/demi/ros2_jazzy/install/tf2_tools:/home/demi/ros2_jazzy/install/examples_tf2_py:/home/demi/ros2_jazzy/install/tf2_ros_py:/home/demi/ros2_jazzy/install/examples_rclpy_pointcloud_publisher:/home/demi/ros2_jazzy/install/sensor_msgs_py:/home/demi/ros2_jazzy/install/quality_of_service_demo_py:/home/demi/ros2_jazzy/install/camera_info_manager_py:/home/demi/ros2_jazzy/install/rqt_plot:/home/demi/ros2_jazzy/install/ros2doctor:/home/demi/ros2_jazzy/install/lifecycle_py:/home/demi/ros2_jazzy/install/examples_rclpy_minimal_subscriber:/home/demi/ros2_jazzy/install/examples_rclpy_minimal_service:/home/demi/ros2_jazzy/install/examples_rclpy_minimal_publisher:/home/demi/ros2_jazzy/install/examples_rclpy_minimal_client:/home/demi/ros2_jazzy/install/examples_rclpy_executors:/home/demi/ros2_jazzy/install/demo_nodes_py:/home/demi/ros2_jazzy/install/rqt:/home/demi/ros2_jazzy/install/ros2component:/home/demi/ros2_jazzy/install/sros2:/home/demi/ros2_jazzy/install/rqt_topic:/home/demi/ros2_jazzy/install/rqt_srv:/home/demi/ros2_jazzy/install/rqt_shell:/home/demi/ros2_jazzy/install/rqt_service_caller:/home/demi/ros2_jazzy/install/rqt_reconfigure:/home/demi/ros2_jazzy/install/rqt_py_console:/home/demi/ros2_jazzy/install/rqt_publisher:/home/demi/ros2_jazzy/install/rqt_action:/home/demi/ros2_jazzy/install/rqt_msg:/home/demi/ros2_jazzy/install/rqt_console:/home/demi/ros2_jazzy/install/rqt_graph:/home/demi/ros2_jazzy/install/rqt_gui_py:/home/demi/ros2_jazzy/install/rqt_gui:/home/demi/ros2_jazzy/install/ros2trace:/home/demi/ros2_jazzy/install/ros2param:/home/demi/ros2_jazzy/install/ros2lifecycle:/home/demi/ros2_jazzy/install/ros2service:/home/demi/ros2_jazzy/install/ros2topic:/home/demi/ros2_jazzy/install/ros2test:/home/demi/ros2_jazzy/install/ros2run:/home/demi/ros2_jazzy/install/ros2plugin:/home/demi/ros2_jazzy/install/ros2launch:/home/demi/ros2_jazzy/install/ros2pkg:/home/demi/ros2_jazzy/install/ros2node:/home/demi/ros2_jazzy/install/ros2multicast:/home/demi/ros2_jazzy/install/ros2interface:/home/demi/ros2_jazzy/install/ros2action:/home/demi/ros2_jazzy/install/ros2cli:/home/demi/ros2_jazzy/install/launch_testing_ros:/home/demi/ros2_jazzy/install/launch_ros:/home/demi/ros2_jazzy/install/examples_rclpy_minimal_action_server:/home/demi/ros2_jazzy/install/examples_rclpy_minimal_action_client:/home/demi/ros2_jazzy/install/examples_rclpy_guard_conditions:/home/demi/ros2_jazzy/install/action_tutorials_py:/home/demi/ros2_jazzy/install/ament_uncrustify:/home/demi/ros2_jazzy/install/tracetools_trace:/home/demi/ros2_jazzy/install/tracetools_read:/home/demi/ros2_jazzy/install/test_tracetools_launch:/home/demi/ros2_jazzy/install/test_ros2trace:/home/demi/ros2_jazzy/install/test_launch_ros:/home/demi/ros2_jazzy/install/rpyutils:/home/demi/ros2_jazzy/install/rosidl_runtime_py:/home/demi/ros2_jazzy/install/rosidl_pycommon:/home/demi/ros2_jazzy/install/rosidl_cli:/home/demi/ros2_jazzy/install/launch_pytest:/home/demi/ros2_jazzy/install/launch_testing:/home/demi/ros2_jazzy/install/launch_yaml:/home/demi/ros2_jazzy/install/launch_xml:/home/demi/ros2_jazzy/install/launch:/home/demi/ros2_jazzy/install/osrf_pycommon:/home/demi/ros2_jazzy/install/domain_coordinator:/home/demi/ros2_jazzy/install/ament_xmllint:/home/demi/ros2_jazzy/install/ament_pyflakes:/home/demi/ros2_jazzy/install/ament_pycodestyle:/home/demi/ros2_jazzy/install/ament_pep257:/home/demi/ros2_jazzy/install/ament_pclint:/home/demi/ros2_jazzy/install/ament_package:/home/demi/ros2_jazzy/install/ament_mypy:/home/demi/ros2_jazzy/install/ament_lint_cmake:/home/demi/ros2_jazzy/install/ament_flake8:/home/demi/ros2_jazzy/install/ament_copyright:/home/demi/ros2_jazzy/install/ament_lint:/home/demi/ros2_jazzy/install/ament_index_python:/home/demi/ros2_jazzy/install/ament_cpplint:/home/demi/ros2_jazzy/install/ament_cppcheck:/home/demi/ros2_jazzy/install/ament_clang_tidy:/home/demi/ros2_jazzy/install/ament_clang_format DEBUGINFOD_URLS=https://debuginfod.ubuntu.com /usr/bin/cmake --build /home/demi/bumper_ws/build/bumperbot_msgs -- -j4 -l4
[115.957s] Invoking command in '/home/demi/bumper_ws/build/bumperbot_msgs': CMAKE_PREFIX_PATH=${CMAKE_PREFIX_PATH}:/home/demi/ros2_jazzy/install/rqt_bag_plugins:/home/demi/ros2_jazzy/install/launch_testing_examples:/home/demi/ros2_jazzy/install/ros2bag:/home/demi/ros2_jazzy/install/rqt_bag:/home/demi/ros2_jazzy/install/rosbag2_examples_py:/home/demi/ros2_jazzy/install/tracetools_test:/home/demi/ros2_jazzy/install/tracetools_launch:/home/demi/ros2_jazzy/install/topic_monitor:/home/demi/ros2_jazzy/install/tf2_tools:/home/demi/ros2_jazzy/install/examples_tf2_py:/home/demi/ros2_jazzy/install/tf2_ros_py:/home/demi/ros2_jazzy/install/examples_rclpy_pointcloud_publisher:/home/demi/ros2_jazzy/install/sensor_msgs_py:/home/demi/ros2_jazzy/install/quality_of_service_demo_py:/home/demi/ros2_jazzy/install/camera_info_manager_py:/home/demi/ros2_jazzy/install/rqt_plot:/home/demi/ros2_jazzy/install/ros2doctor:/home/demi/ros2_jazzy/install/lifecycle_py:/home/demi/ros2_jazzy/install/examples_rclpy_minimal_subscriber:/home/demi/ros2_jazzy/install/examples_rclpy_minimal_service:/home/demi/ros2_jazzy/install/examples_rclpy_minimal_publisher:/home/demi/ros2_jazzy/install/examples_rclpy_minimal_client:/home/demi/ros2_jazzy/install/examples_rclpy_executors:/home/demi/ros2_jazzy/install/demo_nodes_py:/home/demi/ros2_jazzy/install/rqt:/home/demi/ros2_jazzy/install/ros2component:/home/demi/ros2_jazzy/install/sros2:/home/demi/ros2_jazzy/install/rqt_topic:/home/demi/ros2_jazzy/install/rqt_srv:/home/demi/ros2_jazzy/install/rqt_shell:/home/demi/ros2_jazzy/install/rqt_service_caller:/home/demi/ros2_jazzy/install/rqt_reconfigure:/home/demi/ros2_jazzy/install/rqt_py_console:/home/demi/ros2_jazzy/install/rqt_publisher:/home/demi/ros2_jazzy/install/rqt_action:/home/demi/ros2_jazzy/install/rqt_msg:/home/demi/ros2_jazzy/install/rqt_console:/home/demi/ros2_jazzy/install/rqt_graph:/home/demi/ros2_jazzy/install/rqt_gui_py:/home/demi/ros2_jazzy/install/rqt_gui:/home/demi/ros2_jazzy/install/ros2trace:/home/demi/ros2_jazzy/install/ros2param:/home/demi/ros2_jazzy/install/ros2lifecycle:/home/demi/ros2_jazzy/install/ros2service:/home/demi/ros2_jazzy/install/ros2topic:/home/demi/ros2_jazzy/install/ros2test:/home/demi/ros2_jazzy/install/ros2run:/home/demi/ros2_jazzy/install/ros2plugin:/home/demi/ros2_jazzy/install/ros2launch:/home/demi/ros2_jazzy/install/ros2pkg:/home/demi/ros2_jazzy/install/ros2node:/home/demi/ros2_jazzy/install/ros2multicast:/home/demi/ros2_jazzy/install/ros2interface:/home/demi/ros2_jazzy/install/ros2action:/home/demi/ros2_jazzy/install/ros2cli:/home/demi/ros2_jazzy/install/launch_testing_ros:/home/demi/ros2_jazzy/install/launch_ros:/home/demi/ros2_jazzy/install/examples_rclpy_minimal_action_server:/home/demi/ros2_jazzy/install/examples_rclpy_minimal_action_client:/home/demi/ros2_jazzy/install/examples_rclpy_guard_conditions:/home/demi/ros2_jazzy/install/action_tutorials_py:/home/demi/ros2_jazzy/install/ament_uncrustify:/home/demi/ros2_jazzy/install/tracetools_trace:/home/demi/ros2_jazzy/install/tracetools_read:/home/demi/ros2_jazzy/install/test_tracetools_launch:/home/demi/ros2_jazzy/install/test_ros2trace:/home/demi/ros2_jazzy/install/test_launch_ros:/home/demi/ros2_jazzy/install/rpyutils:/home/demi/ros2_jazzy/install/rosidl_runtime_py:/home/demi/ros2_jazzy/install/rosidl_pycommon:/home/demi/ros2_jazzy/install/rosidl_cli:/home/demi/ros2_jazzy/install/launch_pytest:/home/demi/ros2_jazzy/install/launch_testing:/home/demi/ros2_jazzy/install/launch_yaml:/home/demi/ros2_jazzy/install/launch_xml:/home/demi/ros2_jazzy/install/launch:/home/demi/ros2_jazzy/install/osrf_pycommon:/home/demi/ros2_jazzy/install/domain_coordinator:/home/demi/ros2_jazzy/install/ament_xmllint:/home/demi/ros2_jazzy/install/ament_pyflakes:/home/demi/ros2_jazzy/install/ament_pycodestyle:/home/demi/ros2_jazzy/install/ament_pep257:/home/demi/ros2_jazzy/install/ament_pclint:/home/demi/ros2_jazzy/install/ament_package:/home/demi/ros2_jazzy/install/ament_mypy:/home/demi/ros2_jazzy/install/ament_lint_cmake:/home/demi/ros2_jazzy/install/ament_flake8:/home/demi/ros2_jazzy/install/ament_copyright:/home/demi/ros2_jazzy/install/ament_lint:/home/demi/ros2_jazzy/install/ament_index_python:/home/demi/ros2_jazzy/install/ament_cpplint:/home/demi/ros2_jazzy/install/ament_cppcheck:/home/demi/ros2_jazzy/install/ament_clang_tidy:/home/demi/ros2_jazzy/install/ament_clang_format DEBUGINFOD_URLS=https://debuginfod.ubuntu.com /usr/bin/cmake --install /home/demi/bumper_ws/build/bumperbot_msgs
[116.000s] -- Install configuration: ""
[116.001s] -- Installing: /home/demi/bumper_ws/install/bumperbot_msgs/share/ament_index/resource_index/rosidl_interfaces/bumperbot_msgs
[116.002s] -- Installing: /home/demi/bumper_ws/install/bumperbot_msgs/share/bumperbot_msgs/action/Fibonacci.json
[116.003s] -- Installing: /home/demi/bumper_ws/install/bumperbot_msgs/share/bumperbot_msgs/srv/AddTwoInts.json
[116.004s] -- Installing: /home/demi/bumper_ws/install/bumperbot_msgs/share/bumperbot_msgs/srv/GetTransform.json
[116.005s] -- Installing: /home/demi/bumper_ws/install/bumperbot_msgs/include/bumperbot_msgs/bumperbot_msgs
[116.006s] -- Installing: /home/demi/bumper_ws/install/bumperbot_msgs/include/bumperbot_msgs/bumperbot_msgs/srv
[116.006s] -- Installing: /home/demi/bumper_ws/install/bumperbot_msgs/include/bumperbot_msgs/bumperbot_msgs/srv/add_two_ints.h
[116.007s] -- Installing: /home/demi/bumper_ws/install/bumperbot_msgs/include/bumperbot_msgs/bumperbot_msgs/srv/detail
[116.008s] -- Installing: /home/demi/bumper_ws/install/bumperbot_msgs/include/bumperbot_msgs/bumperbot_msgs/srv/detail/add_two_ints__functions.h
[116.008s] -- Installing: /home/demi/bumper_ws/install/bumperbot_msgs/include/bumperbot_msgs/bumperbot_msgs/srv/detail/get_transform__type_support.h
[116.009s] -- Installing: /home/demi/bumper_ws/install/bumperbot_msgs/include/bumperbot_msgs/bumperbot_msgs/srv/detail/add_two_ints__type_support.h
[116.010s] -- Installing: /home/demi/bumper_ws/install/bumperbot_msgs/include/bumperbot_msgs/bumperbot_msgs/srv/detail/get_transform__functions.h
[116.010s] -- Installing: /home/demi/bumper_ws/install/bumperbot_msgs/include/bumperbot_msgs/bumperbot_msgs/srv/detail/add_two_ints__struct.h
[116.011s] -- Installing: /home/demi/bumper_ws/install/bumperbot_msgs/include/bumperbot_msgs/bumperbot_msgs/srv/detail/get_transform__struct.h
[116.012s] -- Installing: /home/demi/bumper_ws/install/bumperbot_msgs/include/bumperbot_msgs/bumperbot_msgs/srv/detail/add_two_ints__description.c
[116.013s] -- Installing: /home/demi/bumper_ws/install/bumperbot_msgs/include/bumperbot_msgs/bumperbot_msgs/srv/detail/add_two_ints__functions.c
[116.013s] -- Installing: /home/demi/bumper_ws/install/bumperbot_msgs/include/bumperbot_msgs/bumperbot_msgs/srv/detail/get_transform__type_support.c
[116.014s] -- Installing: /home/demi/bumper_ws/install/bumperbot_msgs/include/bumperbot_msgs/bumperbot_msgs/srv/detail/get_transform__functions.c
[116.015s] -- Installing: /home/demi/bumper_ws/install/bumperbot_msgs/include/bumperbot_msgs/bumperbot_msgs/srv/detail/get_transform__description.c
[116.015s] -- Installing: /home/demi/bumper_ws/install/bumperbot_msgs/include/bumperbot_msgs/bumperbot_msgs/srv/detail/add_two_ints__type_support.c
[116.016s] -- Installing: /home/demi/bumper_ws/install/bumperbot_msgs/include/bumperbot_msgs/bumperbot_msgs/srv/get_transform.h
[116.017s] -- Installing: /home/demi/bumper_ws/install/bumperbot_msgs/include/bumperbot_msgs/bumperbot_msgs/action
[116.017s] -- Installing: /home/demi/bumper_ws/install/bumperbot_msgs/include/bumperbot_msgs/bumperbot_msgs/action/fibonacci.h
[116.018s] -- Installing: /home/demi/bumper_ws/install/bumperbot_msgs/include/bumperbot_msgs/bumperbot_msgs/action/detail
[116.018s] -- Installing: /home/demi/bumper_ws/install/bumperbot_msgs/include/bumperbot_msgs/bumperbot_msgs/action/detail/fibonacci__functions.h
[116.019s] -- Installing: /home/demi/bumper_ws/install/bumperbot_msgs/include/bumperbot_msgs/bumperbot_msgs/action/detail/fibonacci__type_support.c
[116.021s] -- Installing: /home/demi/bumper_ws/install/bumperbot_msgs/include/bumperbot_msgs/bumperbot_msgs/action/detail/fibonacci__type_support.h
[116.024s] -- Installing: /home/demi/bumper_ws/install/bumperbot_msgs/include/bumperbot_msgs/bumperbot_msgs/action/detail/fibonacci__description.c
[116.025s] -- Installing: /home/demi/bumper_ws/install/bumperbot_msgs/include/bumperbot_msgs/bumperbot_msgs/action/detail/fibonacci__struct.h
[116.026s] -- Installing: /home/demi/bumper_ws/install/bumperbot_msgs/include/bumperbot_msgs/bumperbot_msgs/action/detail/fibonacci__functions.c
[116.026s] -- Installing: /home/demi/bumper_ws/install/bumperbot_msgs/include/bumperbot_msgs/bumperbot_msgs/msg
[116.027s] -- Installing: /home/demi/bumper_ws/install/bumperbot_msgs/include/bumperbot_msgs/bumperbot_msgs/msg/rosidl_generator_c__visibility_control.h
[116.028s] -- Installing: /home/demi/bumper_ws/install/bumperbot_msgs/share/bumperbot_msgs/environment/library_path.sh
[116.029s] -- Installing: /home/demi/bumper_ws/install/bumperbot_msgs/share/bumperbot_msgs/environment/library_path.dsv
[116.030s] -- Installing: /home/demi/bumper_ws/install/bumperbot_msgs/lib/libbumperbot_msgs__rosidl_generator_c.so
[116.031s] -- Set non-toolchain portion of runtime path of "/home/demi/bumper_ws/install/bumperbot_msgs/lib/libbumperbot_msgs__rosidl_generator_c.so" to ""
[116.032s] -- Up-to-date: /home/demi/bumper_ws/install/bumperbot_msgs/include/bumperbot_msgs/bumperbot_msgs
[116.032s] -- Up-to-date: /home/demi/bumper_ws/install/bumperbot_msgs/include/bumperbot_msgs/bumperbot_msgs/srv
[116.033s] -- Up-to-date: /home/demi/bumper_ws/install/bumperbot_msgs/include/bumperbot_msgs/bumperbot_msgs/srv/detail
[116.033s] -- Installing: /home/demi/bumper_ws/install/bumperbot_msgs/include/bumperbot_msgs/bumperbot_msgs/srv/detail/add_two_ints__rosidl_typesupport_fastrtps_c.h
[116.034s] -- Installing: /home/demi/bumper_ws/install/bumperbot_msgs/include/bumperbot_msgs/bumperbot_msgs/srv/detail/get_transform__rosidl_typesupport_fastrtps_c.h
[116.034s] -- Up-to-date: /home/demi/bumper_ws/install/bumperbot_msgs/include/bumperbot_msgs/bumperbot_msgs/action
[116.035s] -- Up-to-date: /home/demi/bumper_ws/install/bumperbot_msgs/include/bumperbot_msgs/bumperbot_msgs/action/detail
[116.036s] -- Installing: /home/demi/bumper_ws/install/bumperbot_msgs/include/bumperbot_msgs/bumperbot_msgs/action/detail/fibonacci__rosidl_typesupport_fastrtps_c.h
[116.037s] -- Up-to-date: /home/demi/bumper_ws/install/bumperbot_msgs/include/bumperbot_msgs/bumperbot_msgs/msg
[116.037s] -- Installing: /home/demi/bumper_ws/install/bumperbot_msgs/include/bumperbot_msgs/bumperbot_msgs/msg/rosidl_typesupport_fastrtps_c__visibility_control.h
[116.038s] -- Installing: /home/demi/bumper_ws/install/bumperbot_msgs/lib/libbumperbot_msgs__rosidl_typesupport_fastrtps_c.so
[116.039s] -- Set non-toolchain portion of runtime path of "/home/demi/bumper_ws/install/bumperbot_msgs/lib/libbumperbot_msgs__rosidl_typesupport_fastrtps_c.so" to ""
[116.039s] -- Up-to-date: /home/demi/bumper_ws/install/bumperbot_msgs/include/bumperbot_msgs/bumperbot_msgs
[116.040s] -- Up-to-date: /home/demi/bumper_ws/install/bumperbot_msgs/include/bumperbot_msgs/bumperbot_msgs/srv
[116.040s] -- Up-to-date: /home/demi/bumper_ws/install/bumperbot_msgs/include/bumperbot_msgs/bumperbot_msgs/srv/detail
[116.041s] -- Installing: /home/demi/bumper_ws/install/bumperbot_msgs/include/bumperbot_msgs/bumperbot_msgs/srv/detail/get_transform__traits.hpp
[116.042s] -- Installing: /home/demi/bumper_ws/install/bumperbot_msgs/include/bumperbot_msgs/bumperbot_msgs/srv/detail/add_two_ints__type_support.hpp
[116.046s] -- Installing: /home/demi/bumper_ws/install/bumperbot_msgs/include/bumperbot_msgs/bumperbot_msgs/srv/detail/add_two_ints__struct.hpp
[116.046s] -- Installing: /home/demi/bumper_ws/install/bumperbot_msgs/include/bumperbot_msgs/bumperbot_msgs/srv/detail/add_two_ints__traits.hpp
[116.046s] -- Installing: /home/demi/bumper_ws/install/bumperbot_msgs/include/bumperbot_msgs/bumperbot_msgs/srv/detail/get_transform__struct.hpp
[116.047s] -- Installing: /home/demi/bumper_ws/install/bumperbot_msgs/include/bumperbot_msgs/bumperbot_msgs/srv/detail/get_transform__type_support.hpp
[116.048s] -- Installing: /home/demi/bumper_ws/install/bumperbot_msgs/include/bumperbot_msgs/bumperbot_msgs/srv/detail/get_transform__builder.hpp
[116.049s] -- Installing: /home/demi/bumper_ws/install/bumperbot_msgs/include/bumperbot_msgs/bumperbot_msgs/srv/detail/add_two_ints__builder.hpp
[116.049s] -- Installing: /home/demi/bumper_ws/install/bumperbot_msgs/include/bumperbot_msgs/bumperbot_msgs/srv/get_transform.hpp
[116.050s] -- Installing: /home/demi/bumper_ws/install/bumperbot_msgs/include/bumperbot_msgs/bumperbot_msgs/srv/add_two_ints.hpp
[116.051s] -- Up-to-date: /home/demi/bumper_ws/install/bumperbot_msgs/include/bumperbot_msgs/bumperbot_msgs/action
[116.052s] -- Up-to-date: /home/demi/bumper_ws/install/bumperbot_msgs/include/bumperbot_msgs/bumperbot_msgs/action/detail
[116.052s] -- Installing: /home/demi/bumper_ws/install/bumperbot_msgs/include/bumperbot_msgs/bumperbot_msgs/action/detail/fibonacci__type_support.hpp
[116.053s] -- Installing: /home/demi/bumper_ws/install/bumperbot_msgs/include/bumperbot_msgs/bumperbot_msgs/action/detail/fibonacci__traits.hpp
[116.053s] -- Installing: /home/demi/bumper_ws/install/bumperbot_msgs/include/bumperbot_msgs/bumperbot_msgs/action/detail/fibonacci__struct.hpp
[116.054s] -- Installing: /home/demi/bumper_ws/install/bumperbot_msgs/include/bumperbot_msgs/bumperbot_msgs/action/detail/fibonacci__builder.hpp
[116.055s] -- Installing: /home/demi/bumper_ws/install/bumperbot_msgs/include/bumperbot_msgs/bumperbot_msgs/action/fibonacci.hpp
[116.056s] -- Up-to-date: /home/demi/bumper_ws/install/bumperbot_msgs/include/bumperbot_msgs/bumperbot_msgs/msg
[116.057s] -- Installing: /home/demi/bumper_ws/install/bumperbot_msgs/include/bumperbot_msgs/bumperbot_msgs/msg/rosidl_generator_cpp__visibility_control.hpp
[116.057s] -- Up-to-date: /home/demi/bumper_ws/install/bumperbot_msgs/include/bumperbot_msgs/bumperbot_msgs
[116.057s] -- Up-to-date: /home/demi/bumper_ws/install/bumperbot_msgs/include/bumperbot_msgs/bumperbot_msgs/srv
[116.057s] -- Up-to-date: /home/demi/bumper_ws/install/bumperbot_msgs/include/bumperbot_msgs/bumperbot_msgs/srv/detail
[116.057s] -- Installing: /home/demi/bumper_ws/install/bumperbot_msgs/include/bumperbot_msgs/bumperbot_msgs/srv/detail/add_two_ints__rosidl_typesupport_fastrtps_cpp.hpp
[116.058s] -- Installing: /home/demi/bumper_ws/install/bumperbot_msgs/include/bumperbot_msgs/bumperbot_msgs/srv/detail/get_transform__rosidl_typesupport_fastrtps_cpp.hpp
[116.060s] -- Installing: /home/demi/bumper_ws/install/bumperbot_msgs/include/bumperbot_msgs/bumperbot_msgs/srv/detail/dds_fastrtps
[116.061s] -- Up-to-date: /home/demi/bumper_ws/install/bumperbot_msgs/include/bumperbot_msgs/bumperbot_msgs/action
[116.061s] -- Up-to-date: /home/demi/bumper_ws/install/bumperbot_msgs/include/bumperbot_msgs/bumperbot_msgs/action/detail
[116.061s] -- Installing: /home/demi/bumper_ws/install/bumperbot_msgs/include/bumperbot_msgs/bumperbot_msgs/action/detail/fibonacci__rosidl_typesupport_fastrtps_cpp.hpp
[116.061s] -- Installing: /home/demi/bumper_ws/install/bumperbot_msgs/include/bumperbot_msgs/bumperbot_msgs/action/detail/dds_fastrtps
[116.062s] -- Up-to-date: /home/demi/bumper_ws/install/bumperbot_msgs/include/bumperbot_msgs/bumperbot_msgs/msg
[116.062s] -- Installing: /home/demi/bumper_ws/install/bumperbot_msgs/include/bumperbot_msgs/bumperbot_msgs/msg/rosidl_typesupport_fastrtps_cpp__visibility_control.h
[116.062s] -- Installing: /home/demi/bumper_ws/install/bumperbot_msgs/lib/libbumperbot_msgs__rosidl_typesupport_fastrtps_cpp.so
[116.063s] -- Set non-toolchain portion of runtime path of "/home/demi/bumper_ws/install/bumperbot_msgs/lib/libbumperbot_msgs__rosidl_typesupport_fastrtps_cpp.so" to ""
[116.064s] -- Up-to-date: /home/demi/bumper_ws/install/bumperbot_msgs/include/bumperbot_msgs/bumperbot_msgs
[116.064s] -- Up-to-date: /home/demi/bumper_ws/install/bumperbot_msgs/include/bumperbot_msgs/bumperbot_msgs/srv
[116.065s] -- Up-to-date: /home/demi/bumper_ws/install/bumperbot_msgs/include/bumperbot_msgs/bumperbot_msgs/srv/detail
[116.066s] -- Installing: /home/demi/bumper_ws/install/bumperbot_msgs/include/bumperbot_msgs/bumperbot_msgs/srv/detail/add_two_ints__rosidl_typesupport_introspection_c.h
[116.067s] -- Installing: /home/demi/bumper_ws/install/bumperbot_msgs/include/bumperbot_msgs/bumperbot_msgs/srv/detail/get_transform__type_support.c
[116.067s] -- Installing: /home/demi/bumper_ws/install/bumperbot_msgs/include/bumperbot_msgs/bumperbot_msgs/srv/detail/add_two_ints__type_support.c
[116.067s] -- Installing: /home/demi/bumper_ws/install/bumperbot_msgs/include/bumperbot_msgs/bumperbot_msgs/srv/detail/get_transform__rosidl_typesupport_introspection_c.h
[116.067s] -- Up-to-date: /home/demi/bumper_ws/install/bumperbot_msgs/include/bumperbot_msgs/bumperbot_msgs/action
[116.067s] -- Up-to-date: /home/demi/bumper_ws/install/bumperbot_msgs/include/bumperbot_msgs/bumperbot_msgs/action/detail
[116.070s] -- Installing: /home/demi/bumper_ws/install/bumperbot_msgs/include/bumperbot_msgs/bumperbot_msgs/action/detail/fibonacci__rosidl_typesupport_introspection_c.h
[116.071s] -- Installing: /home/demi/bumper_ws/install/bumperbot_msgs/include/bumperbot_msgs/bumperbot_msgs/action/detail/fibonacci__type_support.c
[116.071s] -- Up-to-date: /home/demi/bumper_ws/install/bumperbot_msgs/include/bumperbot_msgs/bumperbot_msgs/msg
[116.071s] -- Installing: /home/demi/bumper_ws/install/bumperbot_msgs/include/bumperbot_msgs/bumperbot_msgs/msg/rosidl_typesupport_introspection_c__visibility_control.h
[116.071s] -- Installing: /home/demi/bumper_ws/install/bumperbot_msgs/lib/libbumperbot_msgs__rosidl_typesupport_introspection_c.so
[116.071s] -- Set non-toolchain portion of runtime path of "/home/demi/bumper_ws/install/bumperbot_msgs/lib/libbumperbot_msgs__rosidl_typesupport_introspection_c.so" to ""
[116.072s] -- Installing: /home/demi/bumper_ws/install/bumperbot_msgs/lib/libbumperbot_msgs__rosidl_typesupport_c.so
[116.073s] -- Set non-toolchain portion of runtime path of "/home/demi/bumper_ws/install/bumperbot_msgs/lib/libbumperbot_msgs__rosidl_typesupport_c.so" to ""
[116.073s] -- Up-to-date: /home/demi/bumper_ws/install/bumperbot_msgs/include/bumperbot_msgs/bumperbot_msgs
[116.073s] -- Up-to-date: /home/demi/bumper_ws/install/bumperbot_msgs/include/bumperbot_msgs/bumperbot_msgs/srv
[116.074s] -- Up-to-date: /home/demi/bumper_ws/install/bumperbot_msgs/include/bumperbot_msgs/bumperbot_msgs/srv/detail
[116.075s] -- Installing: /home/demi/bumper_ws/install/bumperbot_msgs/include/bumperbot_msgs/bumperbot_msgs/srv/detail/get_transform__type_support.cpp
[116.076s] -- Installing: /home/demi/bumper_ws/install/bumperbot_msgs/include/bumperbot_msgs/bumperbot_msgs/srv/detail/get_transform__rosidl_typesupport_introspection_cpp.hpp
[116.076s] -- Installing: /home/demi/bumper_ws/install/bumperbot_msgs/include/bumperbot_msgs/bumperbot_msgs/srv/detail/add_two_ints__type_support.cpp
[116.076s] -- Installing: /home/demi/bumper_ws/install/bumperbot_msgs/include/bumperbot_msgs/bumperbot_msgs/srv/detail/add_two_ints__rosidl_typesupport_introspection_cpp.hpp
[116.076s] -- Up-to-date: /home/demi/bumper_ws/install/bumperbot_msgs/include/bumperbot_msgs/bumperbot_msgs/action
[116.079s] -- Up-to-date: /home/demi/bumper_ws/install/bumperbot_msgs/include/bumperbot_msgs/bumperbot_msgs/action/detail
[116.080s] -- Installing: /home/demi/bumper_ws/install/bumperbot_msgs/include/bumperbot_msgs/bumperbot_msgs/action/detail/fibonacci__type_support.cpp
[116.080s] -- Installing: /home/demi/bumper_ws/install/bumperbot_msgs/include/bumperbot_msgs/bumperbot_msgs/action/detail/fibonacci__rosidl_typesupport_introspection_cpp.hpp
[116.080s] -- Installing: /home/demi/bumper_ws/install/bumperbot_msgs/lib/libbumperbot_msgs__rosidl_typesupport_introspection_cpp.so
[116.080s] -- Set non-toolchain portion of runtime path of "/home/demi/bumper_ws/install/bumperbot_msgs/lib/libbumperbot_msgs__rosidl_typesupport_introspection_cpp.so" to ""
[116.080s] -- Installing: /home/demi/bumper_ws/install/bumperbot_msgs/lib/libbumperbot_msgs__rosidl_typesupport_cpp.so
[116.082s] -- Set non-toolchain portion of runtime path of "/home/demi/bumper_ws/install/bumperbot_msgs/lib/libbumperbot_msgs__rosidl_typesupport_cpp.so" to ""
[116.083s] -- Installing: /home/demi/bumper_ws/install/bumperbot_msgs/share/bumperbot_msgs/environment/pythonpath.sh
[116.083s] -- Installing: /home/demi/bumper_ws/install/bumperbot_msgs/share/bumperbot_msgs/environment/pythonpath.dsv
[116.084s] -- Installing: /home/demi/bumper_ws/install/bumperbot_msgs/lib/python3.12/site-packages/bumperbot_msgs-0.0.0-py3.12.egg-info
[116.084s] -- Installing: /home/demi/bumper_ws/install/bumperbot_msgs/lib/python3.12/site-packages/bumperbot_msgs-0.0.0-py3.12.egg-info/SOURCES.txt
[116.085s] -- Installing: /home/demi/bumper_ws/install/bumperbot_msgs/lib/python3.12/site-packages/bumperbot_msgs-0.0.0-py3.12.egg-info/dependency_links.txt
[116.087s] -- Installing: /home/demi/bumper_ws/install/bumperbot_msgs/lib/python3.12/site-packages/bumperbot_msgs-0.0.0-py3.12.egg-info/PKG-INFO
[116.088s] -- Installing: /home/demi/bumper_ws/install/bumperbot_msgs/lib/python3.12/site-packages/bumperbot_msgs-0.0.0-py3.12.egg-info/top_level.txt
[116.088s] -- Installing: /home/demi/bumper_ws/install/bumperbot_msgs/lib/python3.12/site-packages/bumperbot_msgs
[116.088s] -- Installing: /home/demi/bumper_ws/install/bumperbot_msgs/lib/python3.12/site-packages/bumperbot_msgs/bumperbot_msgs_s__rosidl_typesupport_fastrtps_c.so
[116.088s] -- Installing: /home/demi/bumper_ws/install/bumperbot_msgs/lib/python3.12/site-packages/bumperbot_msgs/_bumperbot_msgs_s.ep.rosidl_typesupport_fastrtps_c.c
[116.088s] -- Installing: /home/demi/bumper_ws/install/bumperbot_msgs/lib/python3.12/site-packages/bumperbot_msgs/__init__.py
[116.089s] -- Installing: /home/demi/bumper_ws/install/bumperbot_msgs/lib/python3.12/site-packages/bumperbot_msgs/srv
[116.089s] -- Installing: /home/demi/bumper_ws/install/bumperbot_msgs/lib/python3.12/site-packages/bumperbot_msgs/srv/_get_transform_s.c
[116.090s] -- Installing: /home/demi/bumper_ws/install/bumperbot_msgs/lib/python3.12/site-packages/bumperbot_msgs/srv/_get_transform.py
[116.090s] -- Installing: /home/demi/bumper_ws/install/bumperbot_msgs/lib/python3.12/site-packages/bumperbot_msgs/srv/__init__.py
[116.091s] -- Installing: /home/demi/bumper_ws/install/bumperbot_msgs/lib/python3.12/site-packages/bumperbot_msgs/srv/_add_two_ints_s.c
[116.091s] -- Installing: /home/demi/bumper_ws/install/bumperbot_msgs/lib/python3.12/site-packages/bumperbot_msgs/srv/_add_two_ints.py
[116.092s] -- Installing: /home/demi/bumper_ws/install/bumperbot_msgs/lib/python3.12/site-packages/bumperbot_msgs/bumperbot_msgs_s__rosidl_typesupport_c.so
[116.093s] -- Installing: /home/demi/bumper_ws/install/bumperbot_msgs/lib/python3.12/site-packages/bumperbot_msgs/action
[116.094s] -- Installing: /home/demi/bumper_ws/install/bumperbot_msgs/lib/python3.12/site-packages/bumperbot_msgs/action/_fibonacci.py
[116.094s] -- Installing: /home/demi/bumper_ws/install/bumperbot_msgs/lib/python3.12/site-packages/bumperbot_msgs/action/_fibonacci_s.c
[116.095s] -- Installing: /home/demi/bumper_ws/install/bumperbot_msgs/lib/python3.12/site-packages/bumperbot_msgs/action/__init__.py
[116.095s] -- Installing: /home/demi/bumper_ws/install/bumperbot_msgs/lib/python3.12/site-packages/bumperbot_msgs/_bumperbot_msgs_s.ep.rosidl_typesupport_c.c
[116.096s] -- Installing: /home/demi/bumper_ws/install/bumperbot_msgs/lib/python3.12/site-packages/bumperbot_msgs/_bumperbot_msgs_s.ep.rosidl_typesupport_introspection_c.c
[116.097s] -- Installing: /home/demi/bumper_ws/install/bumperbot_msgs/lib/python3.12/site-packages/bumperbot_msgs/bumperbot_msgs_s__rosidl_typesupport_introspection_c.so
[116.502s] Listing '/home/demi/bumper_ws/install/bumperbot_msgs/lib/python3.12/site-packages/bumperbot_msgs'...
[116.503s] Compiling '/home/demi/bumper_ws/install/bumperbot_msgs/lib/python3.12/site-packages/bumperbot_msgs/__init__.py'...
[116.503s] Listing '/home/demi/bumper_ws/install/bumperbot_msgs/lib/python3.12/site-packages/bumperbot_msgs/action'...
[116.503s] Compiling '/home/demi/bumper_ws/install/bumperbot_msgs/lib/python3.12/site-packages/bumperbot_msgs/action/__init__.py'...
[116.503s] Compiling '/home/demi/bumper_ws/install/bumperbot_msgs/lib/python3.12/site-packages/bumperbot_msgs/action/_fibonacci.py'...
[116.504s] Listing '/home/demi/bumper_ws/install/bumperbot_msgs/lib/python3.12/site-packages/bumperbot_msgs/srv'...
[116.504s] Compiling '/home/demi/bumper_ws/install/bumperbot_msgs/lib/python3.12/site-packages/bumperbot_msgs/srv/__init__.py'...
[116.504s] Compiling '/home/demi/bumper_ws/install/bumperbot_msgs/lib/python3.12/site-packages/bumperbot_msgs/srv/_add_two_ints.py'...
[116.504s] Compiling '/home/demi/bumper_ws/install/bumperbot_msgs/lib/python3.12/site-packages/bumperbot_msgs/srv/_get_transform.py'...
[116.517s] -- Installing: /home/demi/bumper_ws/install/bumperbot_msgs/lib/python3.12/site-packages/bumperbot_msgs/bumperbot_msgs_s__rosidl_typesupport_fastrtps_c.so
[116.518s] -- Set non-toolchain portion of runtime path of "/home/demi/bumper_ws/install/bumperbot_msgs/lib/python3.12/site-packages/bumperbot_msgs/bumperbot_msgs_s__rosidl_typesupport_fastrtps_c.so" to ""
[116.519s] -- Installing: /home/demi/bumper_ws/install/bumperbot_msgs/lib/python3.12/site-packages/bumperbot_msgs/bumperbot_msgs_s__rosidl_typesupport_introspection_c.so
[116.521s] -- Set non-toolchain portion of runtime path of "/home/demi/bumper_ws/install/bumperbot_msgs/lib/python3.12/site-packages/bumperbot_msgs/bumperbot_msgs_s__rosidl_typesupport_introspection_c.so" to ""
[116.526s] -- Installing: /home/demi/bumper_ws/install/bumperbot_msgs/lib/python3.12/site-packages/bumperbot_msgs/bumperbot_msgs_s__rosidl_typesupport_c.so
[116.531s] -- Set non-toolchain portion of runtime path of "/home/demi/bumper_ws/install/bumperbot_msgs/lib/python3.12/site-packages/bumperbot_msgs/bumperbot_msgs_s__rosidl_typesupport_c.so" to ""
[116.531s] -- Installing: /home/demi/bumper_ws/install/bumperbot_msgs/lib/libbumperbot_msgs__rosidl_generator_py.so
[116.531s] -- Set non-toolchain portion of runtime path of "/home/demi/bumper_ws/install/bumperbot_msgs/lib/libbumperbot_msgs__rosidl_generator_py.so" to ""
[116.532s] -- Installing: /home/demi/bumper_ws/install/bumperbot_msgs/share/ament_index/resource_index/rust_packages/bumperbot_msgs
[116.533s] -- Installing: /home/demi/bumper_ws/install/bumperbot_msgs/share/bumperbot_msgs/rust
[116.534s] -- Installing: /home/demi/bumper_ws/install/bumperbot_msgs/share/bumperbot_msgs/rust/Cargo.toml
[116.534s] -- Installing: /home/demi/bumper_ws/install/bumperbot_msgs/share/bumperbot_msgs/rust/src
[116.535s] -- Installing: /home/demi/bumper_ws/install/bumperbot_msgs/share/bumperbot_msgs/rust/src/action.rs
[116.536s] -- Installing: /home/demi/bumper_ws/install/bumperbot_msgs/share/bumperbot_msgs/rust/src/lib.rs
[116.537s] -- Installing: /home/demi/bumper_ws/install/bumperbot_msgs/share/bumperbot_msgs/rust/src/srv
[116.537s] -- Installing: /home/demi/bumper_ws/install/bumperbot_msgs/share/bumperbot_msgs/rust/src/srv/rmw.rs
[116.538s] -- Installing: /home/demi/bumper_ws/install/bumperbot_msgs/share/bumperbot_msgs/rust/src/srv.rs
[116.539s] -- Installing: /home/demi/bumper_ws/install/bumperbot_msgs/share/bumperbot_msgs/rust/src/action
[116.539s] -- Installing: /home/demi/bumper_ws/install/bumperbot_msgs/share/bumperbot_msgs/rust/src/action/rmw.rs
[116.540s] -- Installing: /home/demi/bumper_ws/install/bumperbot_msgs/share/bumperbot_msgs/rust/build.rs
[116.541s] -- Installing: /home/demi/bumper_ws/install/bumperbot_msgs/share/bumperbot_msgs/action/Fibonacci.idl
[116.542s] -- Installing: /home/demi/bumper_ws/install/bumperbot_msgs/share/bumperbot_msgs/srv/AddTwoInts.idl
[116.543s] -- Installing: /home/demi/bumper_ws/install/bumperbot_msgs/share/bumperbot_msgs/srv/GetTransform.idl
[116.544s] -- Installing: /home/demi/bumper_ws/install/bumperbot_msgs/share/bumperbot_msgs/action/Fibonacci.action
[116.544s] -- Installing: /home/demi/bumper_ws/install/bumperbot_msgs/share/bumperbot_msgs/srv/AddTwoInts.srv
[116.545s] -- Installing: /home/demi/bumper_ws/install/bumperbot_msgs/share/bumperbot_msgs/srv/GetTransform.srv
[116.546s] -- Installing: /home/demi/bumper_ws/install/bumperbot_msgs/share/ament_index/resource_index/package_run_dependencies/bumperbot_msgs
[116.547s] -- Installing: /home/demi/bumper_ws/install/bumperbot_msgs/share/ament_index/resource_index/parent_prefix_path/bumperbot_msgs
[116.548s] -- Installing: /home/demi/bumper_ws/install/bumperbot_msgs/share/bumperbot_msgs/environment/ament_prefix_path.sh
[116.549s] -- Installing: /home/demi/bumper_ws/install/bumperbot_msgs/share/bumperbot_msgs/environment/ament_prefix_path.dsv
[116.550s] -- Installing: /home/demi/bumper_ws/install/bumperbot_msgs/share/bumperbot_msgs/environment/path.sh
[116.550s] -- Installing: /home/demi/bumper_ws/install/bumperbot_msgs/share/bumperbot_msgs/environment/path.dsv
[116.551s] -- Installing: /home/demi/bumper_ws/install/bumperbot_msgs/share/bumperbot_msgs/local_setup.bash
[116.552s] -- Installing: /home/demi/bumper_ws/install/bumperbot_msgs/share/bumperbot_msgs/local_setup.sh
[116.553s] -- Installing: /home/demi/bumper_ws/install/bumperbot_msgs/share/bumperbot_msgs/local_setup.zsh
[116.554s] -- Installing: /home/demi/bumper_ws/install/bumperbot_msgs/share/bumperbot_msgs/local_setup.dsv
[116.554s] -- Installing: /home/demi/bumper_ws/install/bumperbot_msgs/share/bumperbot_msgs/package.dsv
[116.555s] -- Installing: /home/demi/bumper_ws/install/bumperbot_msgs/share/ament_index/resource_index/packages/bumperbot_msgs
[116.556s] -- Installing: /home/demi/bumper_ws/install/bumperbot_msgs/share/bumperbot_msgs/cmake/export_bumperbot_msgs__rosidl_generator_cExport.cmake
[116.558s] -- Installing: /home/demi/bumper_ws/install/bumperbot_msgs/share/bumperbot_msgs/cmake/export_bumperbot_msgs__rosidl_generator_cExport-noconfig.cmake
[116.558s] -- Installing: /home/demi/bumper_ws/install/bumperbot_msgs/share/bumperbot_msgs/cmake/export_bumperbot_msgs__rosidl_typesupport_fastrtps_cExport.cmake
[116.559s] -- Installing: /home/demi/bumper_ws/install/bumperbot_msgs/share/bumperbot_msgs/cmake/export_bumperbot_msgs__rosidl_typesupport_fastrtps_cExport-noconfig.cmake
[116.560s] -- Installing: /home/demi/bumper_ws/install/bumperbot_msgs/share/bumperbot_msgs/cmake/export_bumperbot_msgs__rosidl_generator_cppExport.cmake
[116.561s] -- Installing: /home/demi/bumper_ws/install/bumperbot_msgs/share/bumperbot_msgs/cmake/export_bumperbot_msgs__rosidl_typesupport_fastrtps_cppExport.cmake
[116.562s] -- Installing: /home/demi/bumper_ws/install/bumperbot_msgs/share/bumperbot_msgs/cmake/export_bumperbot_msgs__rosidl_typesupport_fastrtps_cppExport-noconfig.cmake
[116.563s] -- Installing: /home/demi/bumper_ws/install/bumperbot_msgs/share/bumperbot_msgs/cmake/bumperbot_msgs__rosidl_typesupport_introspection_cExport.cmake
[116.564s] -- Installing: /home/demi/bumper_ws/install/bumperbot_msgs/share/bumperbot_msgs/cmake/bumperbot_msgs__rosidl_typesupport_introspection_cExport-noconfig.cmake
[116.564s] -- Installing: /home/demi/bumper_ws/install/bumperbot_msgs/share/bumperbot_msgs/cmake/bumperbot_msgs__rosidl_typesupport_cExport.cmake
[116.565s] -- Installing: /home/demi/bumper_ws/install/bumperbot_msgs/share/bumperbot_msgs/cmake/bumperbot_msgs__rosidl_typesupport_cExport-noconfig.cmake
[116.566s] -- Installing: /home/demi/bumper_ws/install/bumperbot_msgs/share/bumperbot_msgs/cmake/bumperbot_msgs__rosidl_typesupport_introspection_cppExport.cmake
[116.567s] -- Installing: /home/demi/bumper_ws/install/bumperbot_msgs/share/bumperbot_msgs/cmake/bumperbot_msgs__rosidl_typesupport_introspection_cppExport-noconfig.cmake
[116.569s] -- Installing: /home/demi/bumper_ws/install/bumperbot_msgs/share/bumperbot_msgs/cmake/bumperbot_msgs__rosidl_typesupport_cppExport.cmake
[116.570s] -- Installing: /home/demi/bumper_ws/install/bumperbot_msgs/share/bumperbot_msgs/cmake/bumperbot_msgs__rosidl_typesupport_cppExport-noconfig.cmake
[116.570s] -- Installing: /home/demi/bumper_ws/install/bumperbot_msgs/share/bumperbot_msgs/cmake/export_bumperbot_msgs__rosidl_generator_pyExport.cmake
[116.570s] -- Installing: /home/demi/bumper_ws/install/bumperbot_msgs/share/bumperbot_msgs/cmake/export_bumperbot_msgs__rosidl_generator_pyExport-noconfig.cmake
[116.570s] -- Installing: /home/demi/bumper_ws/install/bumperbot_msgs/share/bumperbot_msgs/cmake/rosidl_cmake-extras.cmake
[116.571s] -- Installing: /home/demi/bumper_ws/install/bumperbot_msgs/share/bumperbot_msgs/cmake/ament_cmake_export_dependencies-extras.cmake
[116.572s] -- Installing: /home/demi/bumper_ws/install/bumperbot_msgs/share/bumperbot_msgs/cmake/ament_cmake_export_include_directories-extras.cmake
[116.572s] -- Installing: /home/demi/bumper_ws/install/bumperbot_msgs/share/bumperbot_msgs/cmake/ament_cmake_export_libraries-extras.cmake
[116.573s] -- Installing: /home/demi/bumper_ws/install/bumperbot_msgs/share/bumperbot_msgs/cmake/ament_cmake_export_targets-extras.cmake
[116.574s] -- Installing: /home/demi/bumper_ws/install/bumperbot_msgs/share/bumperbot_msgs/cmake/rosidl_cmake_export_typesupport_targets-extras.cmake
[116.575s] -- Installing: /home/demi/bumper_ws/install/bumperbot_msgs/share/bumperbot_msgs/cmake/rosidl_cmake_export_typesupport_libraries-extras.cmake
[116.576s] -- Installing: /home/demi/bumper_ws/install/bumperbot_msgs/share/bumperbot_msgs/cmake/bumperbot_msgsConfig.cmake
[116.577s] -- Installing: /home/demi/bumper_ws/install/bumperbot_msgs/share/bumperbot_msgs/cmake/bumperbot_msgsConfig-version.cmake
[116.577s] -- Installing: /home/demi/bumper_ws/install/bumperbot_msgs/share/bumperbot_msgs/package.xml
[116.584s] Invoked command in '/home/demi/bumper_ws/build/bumperbot_msgs' returned '0': CMAKE_PREFIX_PATH=${CMAKE_PREFIX_PATH}:/home/demi/ros2_jazzy/install/rqt_bag_plugins:/home/demi/ros2_jazzy/install/launch_testing_examples:/home/demi/ros2_jazzy/install/ros2bag:/home/demi/ros2_jazzy/install/rqt_bag:/home/demi/ros2_jazzy/install/rosbag2_examples_py:/home/demi/ros2_jazzy/install/tracetools_test:/home/demi/ros2_jazzy/install/tracetools_launch:/home/demi/ros2_jazzy/install/topic_monitor:/home/demi/ros2_jazzy/install/tf2_tools:/home/demi/ros2_jazzy/install/examples_tf2_py:/home/demi/ros2_jazzy/install/tf2_ros_py:/home/demi/ros2_jazzy/install/examples_rclpy_pointcloud_publisher:/home/demi/ros2_jazzy/install/sensor_msgs_py:/home/demi/ros2_jazzy/install/quality_of_service_demo_py:/home/demi/ros2_jazzy/install/camera_info_manager_py:/home/demi/ros2_jazzy/install/rqt_plot:/home/demi/ros2_jazzy/install/ros2doctor:/home/demi/ros2_jazzy/install/lifecycle_py:/home/demi/ros2_jazzy/install/examples_rclpy_minimal_subscriber:/home/demi/ros2_jazzy/install/examples_rclpy_minimal_service:/home/demi/ros2_jazzy/install/examples_rclpy_minimal_publisher:/home/demi/ros2_jazzy/install/examples_rclpy_minimal_client:/home/demi/ros2_jazzy/install/examples_rclpy_executors:/home/demi/ros2_jazzy/install/demo_nodes_py:/home/demi/ros2_jazzy/install/rqt:/home/demi/ros2_jazzy/install/ros2component:/home/demi/ros2_jazzy/install/sros2:/home/demi/ros2_jazzy/install/rqt_topic:/home/demi/ros2_jazzy/install/rqt_srv:/home/demi/ros2_jazzy/install/rqt_shell:/home/demi/ros2_jazzy/install/rqt_service_caller:/home/demi/ros2_jazzy/install/rqt_reconfigure:/home/demi/ros2_jazzy/install/rqt_py_console:/home/demi/ros2_jazzy/install/rqt_publisher:/home/demi/ros2_jazzy/install/rqt_action:/home/demi/ros2_jazzy/install/rqt_msg:/home/demi/ros2_jazzy/install/rqt_console:/home/demi/ros2_jazzy/install/rqt_graph:/home/demi/ros2_jazzy/install/rqt_gui_py:/home/demi/ros2_jazzy/install/rqt_gui:/home/demi/ros2_jazzy/install/ros2trace:/home/demi/ros2_jazzy/install/ros2param:/home/demi/ros2_jazzy/install/ros2lifecycle:/home/demi/ros2_jazzy/install/ros2service:/home/demi/ros2_jazzy/install/ros2topic:/home/demi/ros2_jazzy/install/ros2test:/home/demi/ros2_jazzy/install/ros2run:/home/demi/ros2_jazzy/install/ros2plugin:/home/demi/ros2_jazzy/install/ros2launch:/home/demi/ros2_jazzy/install/ros2pkg:/home/demi/ros2_jazzy/install/ros2node:/home/demi/ros2_jazzy/install/ros2multicast:/home/demi/ros2_jazzy/install/ros2interface:/home/demi/ros2_jazzy/install/ros2action:/home/demi/ros2_jazzy/install/ros2cli:/home/demi/ros2_jazzy/install/launch_testing_ros:/home/demi/ros2_jazzy/install/launch_ros:/home/demi/ros2_jazzy/install/examples_rclpy_minimal_action_server:/home/demi/ros2_jazzy/install/examples_rclpy_minimal_action_client:/home/demi/ros2_jazzy/install/examples_rclpy_guard_conditions:/home/demi/ros2_jazzy/install/action_tutorials_py:/home/demi/ros2_jazzy/install/ament_uncrustify:/home/demi/ros2_jazzy/install/tracetools_trace:/home/demi/ros2_jazzy/install/tracetools_read:/home/demi/ros2_jazzy/install/test_tracetools_launch:/home/demi/ros2_jazzy/install/test_ros2trace:/home/demi/ros2_jazzy/install/test_launch_ros:/home/demi/ros2_jazzy/install/rpyutils:/home/demi/ros2_jazzy/install/rosidl_runtime_py:/home/demi/ros2_jazzy/install/rosidl_pycommon:/home/demi/ros2_jazzy/install/rosidl_cli:/home/demi/ros2_jazzy/install/launch_pytest:/home/demi/ros2_jazzy/install/launch_testing:/home/demi/ros2_jazzy/install/launch_yaml:/home/demi/ros2_jazzy/install/launch_xml:/home/demi/ros2_jazzy/install/launch:/home/demi/ros2_jazzy/install/osrf_pycommon:/home/demi/ros2_jazzy/install/domain_coordinator:/home/demi/ros2_jazzy/install/ament_xmllint:/home/demi/ros2_jazzy/install/ament_pyflakes:/home/demi/ros2_jazzy/install/ament_pycodestyle:/home/demi/ros2_jazzy/install/ament_pep257:/home/demi/ros2_jazzy/install/ament_pclint:/home/demi/ros2_jazzy/install/ament_package:/home/demi/ros2_jazzy/install/ament_mypy:/home/demi/ros2_jazzy/install/ament_lint_cmake:/home/demi/ros2_jazzy/install/ament_flake8:/home/demi/ros2_jazzy/install/ament_copyright:/home/demi/ros2_jazzy/install/ament_lint:/home/demi/ros2_jazzy/install/ament_index_python:/home/demi/ros2_jazzy/install/ament_cpplint:/home/demi/ros2_jazzy/install/ament_cppcheck:/home/demi/ros2_jazzy/install/ament_clang_tidy:/home/demi/ros2_jazzy/install/ament_clang_format DEBUGINFOD_URLS=https://debuginfod.ubuntu.com /usr/bin/cmake --install /home/demi/bumper_ws/build/bumperbot_msgs
